[0.078s] DEBUG:colcon:Command line arguments: ['/usr/bin/colcon', 'build']
[0.078s] DEBUG:colcon:Parsed command line arguments: Namespace(log_base=None, log_level=None, verb_name='build', build_base='build', install_base='install', merge_install=False, symlink_install=False, test_result_base=None, continue_on_error=False, executor='parallel', parallel_workers=12, event_handlers=None, ignore_user_meta=False, metas=['./colcon.meta'], base_paths=['.'], packages_ignore=None, packages_ignore_regex=None, paths=None, packages_up_to=None, packages_up_to_regex=None, packages_above=None, packages_above_and_dependencies=None, packages_above_depth=None, packages_select_by_dep=None, packages_skip_by_dep=None, packages_skip_up_to=None, packages_select_build_failed=False, packages_skip_build_finished=False, packages_select_test_failures=False, packages_skip_test_passed=False, packages_select=None, packages_skip=None, packages_select_regex=None, packages_skip_regex=None, packages_start=None, packages_end=None, allow_overriding=[], cmake_args=None, cmake_target=None, cmake_target_skip_unavailable=False, cmake_clean_cache=False, cmake_clean_first=False, cmake_force_configure=False, ament_cmake_args=None, catkin_cmake_args=None, catkin_skip_building_tests=False, verb_parser=<colcon_defaults.argument_parser.defaults.DefaultArgumentsDecorator object at 0xfffc59e96f20>, verb_extension=<colcon_core.verb.build.BuildVerb object at 0xfffc59e96920>, main=<bound method BuildVerb.main of <colcon_core.verb.build.BuildVerb object at 0xfffc59e96920>>)
[0.151s] Level 1:colcon.colcon_core.package_discovery:discover_packages(colcon_meta) check parameters
[0.151s] Level 1:colcon.colcon_core.package_discovery:discover_packages(recursive) check parameters
[0.151s] Level 1:colcon.colcon_core.package_discovery:discover_packages(ignore) check parameters
[0.151s] Level 1:colcon.colcon_core.package_discovery:discover_packages(path) check parameters
[0.151s] Level 1:colcon.colcon_core.package_discovery:discover_packages(colcon_meta) discover
[0.151s] Level 1:colcon.colcon_core.package_discovery:discover_packages(recursive) discover
[0.151s] INFO:colcon.colcon_core.package_discovery:Crawling recursively for packages in '/home/stephen/WisconsinAutonomous/challenges/controls/merge_arrays'
[0.151s] Level 1:colcon.colcon_core.package_identification:_identify(.) by extensions ['ignore', 'ignore_ament_install']
[0.151s] Level 1:colcon.colcon_core.package_identification:_identify(.) by extension 'ignore'
[0.151s] Level 1:colcon.colcon_core.package_identification:_identify(.) by extension 'ignore_ament_install'
[0.151s] Level 1:colcon.colcon_core.package_identification:_identify(.) by extensions ['colcon_pkg']
[0.151s] Level 1:colcon.colcon_core.package_identification:_identify(.) by extension 'colcon_pkg'
[0.151s] Level 1:colcon.colcon_core.package_identification:_identify(.) by extensions ['colcon_meta']
[0.151s] Level 1:colcon.colcon_core.package_identification:_identify(.) by extension 'colcon_meta'
[0.151s] Level 1:colcon.colcon_core.package_identification:_identify(.) by extensions ['ros']
[0.151s] Level 1:colcon.colcon_core.package_identification:_identify(.) by extension 'ros'
[0.160s] DEBUG:colcon.colcon_core.package_identification:Package '.' with type 'ros.ament_cmake' and name 'merge_arrays'
[0.160s] Level 1:colcon.colcon_core.package_discovery:discover_packages(recursive) using defaults
[0.160s] Level 1:colcon.colcon_core.package_discovery:discover_packages(ignore) discover
[0.160s] Level 1:colcon.colcon_core.package_discovery:discover_packages(ignore) using defaults
[0.160s] Level 1:colcon.colcon_core.package_discovery:discover_packages(path) discover
[0.160s] Level 1:colcon.colcon_core.package_discovery:discover_packages(path) using defaults
[0.169s] Level 1:colcon.colcon_core.package_discovery:discover_packages(prefix_path) check parameters
[0.169s] Level 1:colcon.colcon_core.package_discovery:discover_packages(prefix_path) discover
[0.171s] DEBUG:colcon.colcon_installed_package_information.package_discovery:Found 271 installed packages in /opt/ros/humble
[0.173s] Level 1:colcon.colcon_core.package_discovery:discover_packages(prefix_path) using defaults
[0.197s] Level 5:colcon.colcon_core.verb:set package 'merge_arrays' build argument 'cmake_args' from command line to 'None'
[0.197s] Level 5:colcon.colcon_core.verb:set package 'merge_arrays' build argument 'cmake_target' from command line to 'None'
[0.198s] Level 5:colcon.colcon_core.verb:set package 'merge_arrays' build argument 'cmake_target_skip_unavailable' from command line to 'False'
[0.198s] Level 5:colcon.colcon_core.verb:set package 'merge_arrays' build argument 'cmake_clean_cache' from command line to 'False'
[0.198s] Level 5:colcon.colcon_core.verb:set package 'merge_arrays' build argument 'cmake_clean_first' from command line to 'False'
[0.198s] Level 5:colcon.colcon_core.verb:set package 'merge_arrays' build argument 'cmake_force_configure' from command line to 'False'
[0.198s] Level 5:colcon.colcon_core.verb:set package 'merge_arrays' build argument 'ament_cmake_args' from command line to 'None'
[0.198s] Level 5:colcon.colcon_core.verb:set package 'merge_arrays' build argument 'catkin_cmake_args' from command line to 'None'
[0.198s] Level 5:colcon.colcon_core.verb:set package 'merge_arrays' build argument 'catkin_skip_building_tests' from command line to 'False'
[0.198s] DEBUG:colcon.colcon_core.verb:Building package 'merge_arrays' with the following arguments: {'ament_cmake_args': None, 'build_base': '/home/stephen/WisconsinAutonomous/challenges/controls/merge_arrays/build/merge_arrays', 'catkin_cmake_args': None, 'catkin_skip_building_tests': False, 'cmake_args': None, 'cmake_clean_cache': False, 'cmake_clean_first': False, 'cmake_force_configure': False, 'cmake_target': None, 'cmake_target_skip_unavailable': False, 'install_base': '/home/stephen/WisconsinAutonomous/challenges/controls/merge_arrays/install/merge_arrays', 'merge_install': False, 'path': '/home/stephen/WisconsinAutonomous/challenges/controls/merge_arrays', 'symlink_install': False, 'test_result_base': None}
[0.198s] INFO:colcon.colcon_core.executor:Executing jobs using 'parallel' executor
[0.199s] DEBUG:colcon.colcon_parallel_executor.executor.parallel:run_until_complete
[0.199s] INFO:colcon.colcon_ros.task.ament_cmake.build:Building ROS package in '/home/stephen/WisconsinAutonomous/challenges/controls/merge_arrays' with build type 'ament_cmake'
[0.199s] INFO:colcon.colcon_cmake.task.cmake.build:Building CMake package in '/home/stephen/WisconsinAutonomous/challenges/controls/merge_arrays'
[0.200s] INFO:colcon.colcon_core.plugin_system:Skipping extension 'colcon_core.shell.bat': Not used on non-Windows systems
[0.200s] INFO:colcon.colcon_core.shell:Skip shell extension 'powershell' for command environment: Not usable outside of PowerShell
[0.200s] DEBUG:colcon.colcon_core.shell:Skip shell extension 'dsv' for command environment
[0.210s] DEBUG:colcon.colcon_core.event_handler.log_command:Invoking command in '/home/stephen/WisconsinAutonomous/challenges/controls/merge_arrays/build/merge_arrays': CMAKE_PREFIX_PATH=/opt/ros/humble /usr/bin/cmake /home/stephen/WisconsinAutonomous/challenges/controls/merge_arrays -DCMAKE_INSTALL_PREFIX=/home/stephen/WisconsinAutonomous/challenges/controls/merge_arrays/install/merge_arrays
[3.070s] DEBUG:colcon.colcon_core.event_handler.log_command:Invoked command in '/home/stephen/WisconsinAutonomous/challenges/controls/merge_arrays/build/merge_arrays' returned '0': CMAKE_PREFIX_PATH=/opt/ros/humble /usr/bin/cmake /home/stephen/WisconsinAutonomous/challenges/controls/merge_arrays -DCMAKE_INSTALL_PREFIX=/home/stephen/WisconsinAutonomous/challenges/controls/merge_arrays/install/merge_arrays
[3.070s] DEBUG:colcon.colcon_core.event_handler.log_command:Invoking command in '/home/stephen/WisconsinAutonomous/challenges/controls/merge_arrays/build/merge_arrays': CMAKE_PREFIX_PATH=/opt/ros/humble /usr/bin/cmake --build /home/stephen/WisconsinAutonomous/challenges/controls/merge_arrays/build/merge_arrays -- -j12 -l12
[8.557s] DEBUG:colcon.colcon_core.event_handler.log_command:Invoked command in '/home/stephen/WisconsinAutonomous/challenges/controls/merge_arrays/build/merge_arrays' returned '0': CMAKE_PREFIX_PATH=/opt/ros/humble /usr/bin/cmake --build /home/stephen/WisconsinAutonomous/challenges/controls/merge_arrays/build/merge_arrays -- -j12 -l12
[8.563s] DEBUG:colcon.colcon_core.event_handler.log_command:Invoking command in '/home/stephen/WisconsinAutonomous/challenges/controls/merge_arrays/build/merge_arrays': CMAKE_PREFIX_PATH=/opt/ros/humble /usr/bin/cmake --install /home/stephen/WisconsinAutonomous/challenges/controls/merge_arrays/build/merge_arrays
[8.573s] Level 1:colcon.colcon_core.environment:create_environment_scripts_only(merge_arrays)
[8.573s] DEBUG:colcon.colcon_core.event_handler.log_command:Invoked command in '/home/stephen/WisconsinAutonomous/challenges/controls/merge_arrays/build/merge_arrays' returned '0': CMAKE_PREFIX_PATH=/opt/ros/humble /usr/bin/cmake --install /home/stephen/WisconsinAutonomous/challenges/controls/merge_arrays/build/merge_arrays
[8.575s] Level 1:colcon.colcon_core.environment:checking '/home/stephen/WisconsinAutonomous/challenges/controls/merge_arrays/install/merge_arrays' for CMake module files
[8.575s] Level 1:colcon.colcon_core.environment:checking '/home/stephen/WisconsinAutonomous/challenges/controls/merge_arrays/install/merge_arrays' for CMake config files
[8.575s] Level 1:colcon.colcon_core.shell:create_environment_hook('merge_arrays', 'cmake_prefix_path')
[8.575s] INFO:colcon.colcon_core.shell:Creating environment hook '/home/stephen/WisconsinAutonomous/challenges/controls/merge_arrays/install/merge_arrays/share/merge_arrays/hook/cmake_prefix_path.ps1'
[8.576s] INFO:colcon.colcon_core.shell:Creating environment descriptor '/home/stephen/WisconsinAutonomous/challenges/controls/merge_arrays/install/merge_arrays/share/merge_arrays/hook/cmake_prefix_path.dsv'
[8.576s] INFO:colcon.colcon_core.shell:Creating environment hook '/home/stephen/WisconsinAutonomous/challenges/controls/merge_arrays/install/merge_arrays/share/merge_arrays/hook/cmake_prefix_path.sh'
[8.576s] Level 1:colcon.colcon_core.environment:checking '/home/stephen/WisconsinAutonomous/challenges/controls/merge_arrays/install/merge_arrays/lib'
[8.576s] Level 1:colcon.colcon_core.environment:checking '/home/stephen/WisconsinAutonomous/challenges/controls/merge_arrays/install/merge_arrays/bin'
[8.576s] Level 1:colcon.colcon_core.environment:checking '/home/stephen/WisconsinAutonomous/challenges/controls/merge_arrays/install/merge_arrays/lib/pkgconfig/merge_arrays.pc'
[8.577s] Level 1:colcon.colcon_core.environment:checking '/home/stephen/WisconsinAutonomous/challenges/controls/merge_arrays/install/merge_arrays/lib/python3.10/site-packages'
[8.577s] Level 1:colcon.colcon_core.environment:checking '/home/stephen/WisconsinAutonomous/challenges/controls/merge_arrays/install/merge_arrays/bin'
[8.577s] INFO:colcon.colcon_core.shell:Creating package script '/home/stephen/WisconsinAutonomous/challenges/controls/merge_arrays/install/merge_arrays/share/merge_arrays/package.ps1'
[8.577s] INFO:colcon.colcon_core.shell:Creating package descriptor '/home/stephen/WisconsinAutonomous/challenges/controls/merge_arrays/install/merge_arrays/share/merge_arrays/package.dsv'
[8.577s] INFO:colcon.colcon_core.shell:Creating package script '/home/stephen/WisconsinAutonomous/challenges/controls/merge_arrays/install/merge_arrays/share/merge_arrays/package.sh'
[8.578s] INFO:colcon.colcon_core.shell:Creating package script '/home/stephen/WisconsinAutonomous/challenges/controls/merge_arrays/install/merge_arrays/share/merge_arrays/package.bash'
[8.578s] INFO:colcon.colcon_core.shell:Creating package script '/home/stephen/WisconsinAutonomous/challenges/controls/merge_arrays/install/merge_arrays/share/merge_arrays/package.zsh'
[8.578s] Level 1:colcon.colcon_core.environment:create_file_with_runtime_dependencies(/home/stephen/WisconsinAutonomous/challenges/controls/merge_arrays/install/merge_arrays/share/colcon-core/packages/merge_arrays)
[8.579s] Level 1:colcon.colcon_core.environment:create_environment_scripts_only(merge_arrays)
[8.579s] Level 1:colcon.colcon_core.environment:checking '/home/stephen/WisconsinAutonomous/challenges/controls/merge_arrays/install/merge_arrays' for CMake module files
[8.579s] Level 1:colcon.colcon_core.environment:checking '/home/stephen/WisconsinAutonomous/challenges/controls/merge_arrays/install/merge_arrays' for CMake config files
[8.579s] Level 1:colcon.colcon_core.shell:create_environment_hook('merge_arrays', 'cmake_prefix_path')
[8.579s] INFO:colcon.colcon_core.shell:Creating environment hook '/home/stephen/WisconsinAutonomous/challenges/controls/merge_arrays/install/merge_arrays/share/merge_arrays/hook/cmake_prefix_path.ps1'
[8.579s] INFO:colcon.colcon_core.shell:Creating environment descriptor '/home/stephen/WisconsinAutonomous/challenges/controls/merge_arrays/install/merge_arrays/share/merge_arrays/hook/cmake_prefix_path.dsv'
[8.580s] INFO:colcon.colcon_core.shell:Creating environment hook '/home/stephen/WisconsinAutonomous/challenges/controls/merge_arrays/install/merge_arrays/share/merge_arrays/hook/cmake_prefix_path.sh'
[8.580s] Level 1:colcon.colcon_core.environment:checking '/home/stephen/WisconsinAutonomous/challenges/controls/merge_arrays/install/merge_arrays/lib'
[8.580s] Level 1:colcon.colcon_core.environment:checking '/home/stephen/WisconsinAutonomous/challenges/controls/merge_arrays/install/merge_arrays/bin'
[8.580s] Level 1:colcon.colcon_core.environment:checking '/home/stephen/WisconsinAutonomous/challenges/controls/merge_arrays/install/merge_arrays/lib/pkgconfig/merge_arrays.pc'
[8.580s] Level 1:colcon.colcon_core.environment:checking '/home/stephen/WisconsinAutonomous/challenges/controls/merge_arrays/install/merge_arrays/lib/python3.10/site-packages'
[8.580s] Level 1:colcon.colcon_core.environment:checking '/home/stephen/WisconsinAutonomous/challenges/controls/merge_arrays/install/merge_arrays/bin'
[8.580s] INFO:colcon.colcon_core.shell:Creating package script '/home/stephen/WisconsinAutonomous/challenges/controls/merge_arrays/install/merge_arrays/share/merge_arrays/package.ps1'
[8.580s] INFO:colcon.colcon_core.shell:Creating package descriptor '/home/stephen/WisconsinAutonomous/challenges/controls/merge_arrays/install/merge_arrays/share/merge_arrays/package.dsv'
[8.581s] INFO:colcon.colcon_core.shell:Creating package script '/home/stephen/WisconsinAutonomous/challenges/controls/merge_arrays/install/merge_arrays/share/merge_arrays/package.sh'
[8.581s] INFO:colcon.colcon_core.shell:Creating package script '/home/stephen/WisconsinAutonomous/challenges/controls/merge_arrays/install/merge_arrays/share/merge_arrays/package.bash'
[8.581s] INFO:colcon.colcon_core.shell:Creating package script '/home/stephen/WisconsinAutonomous/challenges/controls/merge_arrays/install/merge_arrays/share/merge_arrays/package.zsh'
[8.581s] Level 1:colcon.colcon_core.environment:create_file_with_runtime_dependencies(/home/stephen/WisconsinAutonomous/challenges/controls/merge_arrays/install/merge_arrays/share/colcon-core/packages/merge_arrays)
[8.581s] DEBUG:colcon.colcon_parallel_executor.executor.parallel:closing loop
[8.582s] DEBUG:colcon.colcon_parallel_executor.executor.parallel:loop closed
[8.582s] DEBUG:colcon.colcon_parallel_executor.executor.parallel:run_until_complete finished with '0'
[8.582s] DEBUG:colcon.colcon_core.event_reactor:joining thread
[8.599s] INFO:colcon.colcon_core.plugin_system:Skipping extension 'colcon_notification.desktop_notification.notify_send': Could not find 'notify-send'
[8.599s] INFO:colcon.colcon_core.plugin_system:Skipping extension 'colcon_notification.desktop_notification.terminal_notifier': Not used on non-Darwin systems
[8.599s] INFO:colcon.colcon_core.plugin_system:Skipping extension 'colcon_notification.desktop_notification.win32': Not used on non-Windows systems
[8.599s] INFO:colcon.colcon_notification.desktop_notification:Sending desktop notification using 'notify2'
[8.599s] DEBUG:colcon.colcon_notification.desktop_notification.notify2:Failed to initialize notify2: org.freedesktop.DBus.Error.FileNotFound: Failed to connect to socket /run/user/1000/bus: No such file or directory
[8.599s] DEBUG:colcon.colcon_core.event_reactor:joined thread
[8.600s] INFO:colcon.colcon_core.shell:Creating prefix script '/home/stephen/WisconsinAutonomous/challenges/controls/merge_arrays/install/local_setup.ps1'
[8.600s] INFO:colcon.colcon_core.shell:Creating prefix util module '/home/stephen/WisconsinAutonomous/challenges/controls/merge_arrays/install/_local_setup_util_ps1.py'
[8.601s] INFO:colcon.colcon_core.shell:Creating prefix chain script '/home/stephen/WisconsinAutonomous/challenges/controls/merge_arrays/install/setup.ps1'
[8.601s] INFO:colcon.colcon_core.shell:Creating prefix script '/home/stephen/WisconsinAutonomous/challenges/controls/merge_arrays/install/local_setup.sh'
[8.601s] INFO:colcon.colcon_core.shell:Creating prefix util module '/home/stephen/WisconsinAutonomous/challenges/controls/merge_arrays/install/_local_setup_util_sh.py'
[8.602s] INFO:colcon.colcon_core.shell:Creating prefix chain script '/home/stephen/WisconsinAutonomous/challenges/controls/merge_arrays/install/setup.sh'
[8.602s] INFO:colcon.colcon_core.shell:Creating prefix script '/home/stephen/WisconsinAutonomous/challenges/controls/merge_arrays/install/local_setup.bash'
[8.603s] INFO:colcon.colcon_core.shell:Creating prefix chain script '/home/stephen/WisconsinAutonomous/challenges/controls/merge_arrays/install/setup.bash'
[8.603s] INFO:colcon.colcon_core.shell:Creating prefix script '/home/stephen/WisconsinAutonomous/challenges/controls/merge_arrays/install/local_setup.zsh'
[8.603s] INFO:colcon.colcon_core.shell:Creating prefix chain script '/home/stephen/WisconsinAutonomous/challenges/controls/merge_arrays/install/setup.zsh'
