[0.008s] Invoking command in '/home/stephen/WisconsinAutonomous/challenges/merge_arrays/build/merge_arrays': CMAKE_PREFIX_PATH=/opt/ros/humble /usr/bin/cmake --build /home/stephen/WisconsinAutonomous/challenges/merge_arrays/build/merge_arrays -- -j12 -l12
[0.043s] [35m[1mConsolidate compiler generated dependencies of target merge_arrays_node[0m
[0.062s] [100%] Built target merge_arrays_node
[0.068s] Invoked command in '/home/stephen/WisconsinAutonomous/challenges/merge_arrays/build/merge_arrays' returned '0': CMAKE_PREFIX_PATH=/opt/ros/humble /usr/bin/cmake --build /home/stephen/WisconsinAutonomous/challenges/merge_arrays/build/merge_arrays -- -j12 -l12
[0.073s] Invoking command in '/home/stephen/WisconsinAutonomous/challenges/merge_arrays/build/merge_arrays': CMAKE_PREFIX_PATH=/opt/ros/humble /usr/bin/cmake --install /home/stephen/WisconsinAutonomous/challenges/merge_arrays/build/merge_arrays
[0.075s] -- Install configuration: ""
[0.076s] -- Execute custom install script
[0.076s] -- Up-to-date symlink: /home/stephen/WisconsinAutonomous/challenges/merge_arrays/install/merge_arrays/lib/merge_arrays/merge_arrays_node
[0.076s] -- Up-to-date symlink: /home/stephen/WisconsinAutonomous/challenges/merge_arrays/install/merge_arrays/share/ament_index/resource_index/package_run_dependencies/merge_arrays
[0.076s] -- Up-to-date symlink: /home/stephen/WisconsinAutonomous/challenges/merge_arrays/install/merge_arrays/share/ament_index/resource_index/parent_prefix_path/merge_arrays
[0.076s] -- Up-to-date symlink: /home/stephen/WisconsinAutonomous/challenges/merge_arrays/install/merge_arrays/share/merge_arrays/environment/ament_prefix_path.sh
[0.076s] -- Up-to-date symlink: /home/stephen/WisconsinAutonomous/challenges/merge_arrays/install/merge_arrays/share/merge_arrays/environment/ament_prefix_path.dsv
[0.077s] -- Up-to-date symlink: /home/stephen/WisconsinAutonomous/challenges/merge_arrays/install/merge_arrays/share/merge_arrays/environment/path.sh
[0.077s] -- Up-to-date symlink: /home/stephen/WisconsinAutonomous/challenges/merge_arrays/install/merge_arrays/share/merge_arrays/environment/path.dsv
[0.077s] -- Up-to-date symlink: /home/stephen/WisconsinAutonomous/challenges/merge_arrays/install/merge_arrays/share/merge_arrays/local_setup.bash
[0.077s] -- Up-to-date symlink: /home/stephen/WisconsinAutonomous/challenges/merge_arrays/install/merge_arrays/share/merge_arrays/local_setup.sh
[0.077s] -- Up-to-date symlink: /home/stephen/WisconsinAutonomous/challenges/merge_arrays/install/merge_arrays/share/merge_arrays/local_setup.zsh
[0.077s] -- Up-to-date symlink: /home/stephen/WisconsinAutonomous/challenges/merge_arrays/install/merge_arrays/share/merge_arrays/local_setup.dsv
[0.077s] -- Symlinking: /home/stephen/WisconsinAutonomous/challenges/merge_arrays/install/merge_arrays/share/merge_arrays/package.dsv
[0.081s] -- Up-to-date symlink: /home/stephen/WisconsinAutonomous/challenges/merge_arrays/install/merge_arrays/share/ament_index/resource_index/packages/merge_arrays
[0.081s] -- Up-to-date symlink: /home/stephen/WisconsinAutonomous/challenges/merge_arrays/install/merge_arrays/share/merge_arrays/cmake/merge_arraysConfig.cmake
[0.081s] -- Up-to-date symlink: /home/stephen/WisconsinAutonomous/challenges/merge_arrays/install/merge_arrays/share/merge_arrays/cmake/merge_arraysConfig-version.cmake
[0.081s] -- Up-to-date symlink: /home/stephen/WisconsinAutonomous/challenges/merge_arrays/install/merge_arrays/share/merge_arrays/package.xml
[0.083s] Invoked command in '/home/stephen/WisconsinAutonomous/challenges/merge_arrays/build/merge_arrays' returned '0': CMAKE_PREFIX_PATH=/opt/ros/humble /usr/bin/cmake --install /home/stephen/WisconsinAutonomous/challenges/merge_arrays/build/merge_arrays
