[35m[1mConsolidate compiler generated dependencies of target merge_arrays_node[0m
[ 50%] [32mBuilding CXX object CMakeFiles/merge_arrays_node.dir/src/merge_arrays_node.cpp.o[0m
[100%] [32m[1mLinking CXX executable merge_arrays_node[0m
[100%] Built target merge_arrays_node
-- Install configuration: ""
-- Execute custom install script
-- Symlinking: /home/stephen/WisconsinAutonomous/challenges/merge_arrays/install/merge_arrays/lib/merge_arrays/merge_arrays_node
-- Symlinking: /home/stephen/WisconsinAutonomous/challenges/merge_arrays/install/merge_arrays/share/ament_index/resource_index/package_run_dependencies/merge_arrays
-- Symlinking: /home/stephen/WisconsinAutonomous/challenges/merge_arrays/install/merge_arrays/share/ament_index/resource_index/parent_prefix_path/merge_arrays
-- Symlinking: /home/stephen/WisconsinAutonomous/challenges/merge_arrays/install/merge_arrays/share/merge_arrays/environment/ament_prefix_path.sh
-- Symlinking: /home/stephen/WisconsinAutonomous/challenges/merge_arrays/install/merge_arrays/share/merge_arrays/environment/ament_prefix_path.dsv
-- Symlinking: /home/stephen/WisconsinAutonomous/challenges/merge_arrays/install/merge_arrays/share/merge_arrays/environment/path.sh
-- Symlinking: /home/stephen/WisconsinAutonomous/challenges/merge_arrays/install/merge_arrays/share/merge_arrays/environment/path.dsv
-- Symlinking: /home/stephen/WisconsinAutonomous/challenges/merge_arrays/install/merge_arrays/share/merge_arrays/local_setup.bash
-- Symlinking: /home/stephen/WisconsinAutonomous/challenges/merge_arrays/install/merge_arrays/share/merge_arrays/local_setup.sh
-- Symlinking: /home/stephen/WisconsinAutonomous/challenges/merge_arrays/install/merge_arrays/share/merge_arrays/local_setup.zsh
-- Symlinking: /home/stephen/WisconsinAutonomous/challenges/merge_arrays/install/merge_arrays/share/merge_arrays/local_setup.dsv
-- Symlinking: /home/stephen/WisconsinAutonomous/challenges/merge_arrays/install/merge_arrays/share/merge_arrays/package.dsv
-- Symlinking: /home/stephen/WisconsinAutonomous/challenges/merge_arrays/install/merge_arrays/share/ament_index/resource_index/packages/merge_arrays
-- Symlinking: /home/stephen/WisconsinAutonomous/challenges/merge_arrays/install/merge_arrays/share/merge_arrays/cmake/merge_arraysConfig.cmake
-- Symlinking: /home/stephen/WisconsinAutonomous/challenges/merge_arrays/install/merge_arrays/share/merge_arrays/cmake/merge_arraysConfig-version.cmake
-- Symlinking: /home/stephen/WisconsinAutonomous/challenges/merge_arrays/install/merge_arrays/share/merge_arrays/package.xml
