[0.010s] Invoking command in '/home/stephen/WisconsinAutonomous/challenges/controls/merge_arrays/build/merge_arrays': CMAKE_PREFIX_PATH=/opt/ros/humble /usr/bin/cmake /home/stephen/WisconsinAutonomous/challenges/controls/merge_arrays -DCMAKE_INSTALL_PREFIX=/home/stephen/WisconsinAutonomous/challenges/controls/merge_arrays/install/merge_arrays
[0.155s] -- The C compiler identification is GNU 11.4.0
[0.361s] -- The CXX compiler identification is GNU 11.4.0
[0.463s] -- Detecting C compiler ABI info
[0.539s] -- Detecting C compiler ABI info - done
[0.543s] -- Check for working C compiler: /usr/bin/cc - skipped
[0.544s] -- Detecting C compile features
[0.544s] -- Detecting C compile features - done
[0.547s] -- Detecting CXX compiler ABI info
[0.625s] -- Detecting CXX compiler ABI info - done
[0.630s] -- Check for working CXX compiler: /usr/bin/c++ - skipped
[0.630s] -- Detecting CXX compile features
[0.630s] -- Detecting CXX compile features - done
[0.641s] -- Found ament_cmake: 1.3.12 (/opt/ros/humble/share/ament_cmake/cmake)
[0.727s] -- Found Python3: /usr/bin/python3 (found version "3.10.12") found components: Interpreter 
[0.814s] -- Found rclcpp: 16.0.14 (/opt/ros/humble/share/rclcpp/cmake)
[0.912s] -- Found rosidl_generator_c: 3.1.7 (/opt/ros/humble/share/rosidl_generator_c/cmake)
[0.918s] -- Found rosidl_adapter: 3.1.7 (/opt/ros/humble/share/rosidl_adapter/cmake)
[0.927s] -- Found rosidl_generator_cpp: 3.1.7 (/opt/ros/humble/share/rosidl_generator_cpp/cmake)
[0.941s] -- Using all available rosidl_typesupport_c: rosidl_typesupport_fastrtps_c;rosidl_typesupport_introspection_c
[0.957s] -- Using all available rosidl_typesupport_cpp: rosidl_typesupport_fastrtps_cpp;rosidl_typesupport_introspection_cpp
[1.005s] -- Found rmw_implementation_cmake: 6.1.2 (/opt/ros/humble/share/rmw_implementation_cmake/cmake)
[1.008s] -- Found rmw_fastrtps_cpp: 6.2.8 (/opt/ros/humble/share/rmw_fastrtps_cpp/cmake)
[1.449s] -- Found OpenSSL: /usr/lib/aarch64-linux-gnu/libcrypto.so (found version "3.0.2")  
[1.859s] -- Found FastRTPS: /opt/ros/humble/include  
[2.585s] -- Using RMW implementation 'rmw_fastrtps_cpp' as default
[2.596s] -- Looking for pthread.h
[2.675s] -- Looking for pthread.h - found
[2.675s] -- Performing Test CMAKE_HAVE_LIBC_PTHREAD
[2.740s] -- Performing Test CMAKE_HAVE_LIBC_PTHREAD - Success
[2.741s] -- Found Threads: TRUE  
[2.789s] -- Found ament_lint_auto: 0.12.14 (/opt/ros/humble/share/ament_lint_auto/cmake)
[2.844s] -- Added test 'cppcheck' to perform static code analysis on C / C++ code
[2.844s] -- Configured cppcheck include dirs: $<BUILD_INTERFACE:/home/stephen/WisconsinAutonomous/challenges/controls/merge_arrays/include>
[2.844s] -- Configured cppcheck exclude dirs and/or files: 
[2.846s] -- Added test 'lint_cmake' to check CMake code style
[2.850s] -- Added test 'uncrustify' to check C / C++ code style
[2.850s] -- Configured uncrustify additional arguments: 
[2.850s] -- Added test 'xmllint' to check XML markup files
[2.852s] -- Configuring done
[2.858s] -- Generating done
[2.860s] -- Build files have been written to: /home/stephen/WisconsinAutonomous/challenges/controls/merge_arrays/build/merge_arrays
[2.870s] Invoked command in '/home/stephen/WisconsinAutonomous/challenges/controls/merge_arrays/build/merge_arrays' returned '0': CMAKE_PREFIX_PATH=/opt/ros/humble /usr/bin/cmake /home/stephen/WisconsinAutonomous/challenges/controls/merge_arrays -DCMAKE_INSTALL_PREFIX=/home/stephen/WisconsinAutonomous/challenges/controls/merge_arrays/install/merge_arrays
[2.871s] Invoking command in '/home/stephen/WisconsinAutonomous/challenges/controls/merge_arrays/build/merge_arrays': CMAKE_PREFIX_PATH=/opt/ros/humble /usr/bin/cmake --build /home/stephen/WisconsinAutonomous/challenges/controls/merge_arrays/build/merge_arrays -- -j12 -l12
[2.901s] [ 50%] [32mBuilding CXX object CMakeFiles/merge_arrays_node.dir/src/merge_arrays_node.cpp.o[0m
[8.074s] [100%] [32m[1mLinking CXX executable merge_arrays_node[0m
[8.348s] [100%] Built target merge_arrays_node
[8.357s] Invoked command in '/home/stephen/WisconsinAutonomous/challenges/controls/merge_arrays/build/merge_arrays' returned '0': CMAKE_PREFIX_PATH=/opt/ros/humble /usr/bin/cmake --build /home/stephen/WisconsinAutonomous/challenges/controls/merge_arrays/build/merge_arrays -- -j12 -l12
[8.364s] Invoking command in '/home/stephen/WisconsinAutonomous/challenges/controls/merge_arrays/build/merge_arrays': CMAKE_PREFIX_PATH=/opt/ros/humble /usr/bin/cmake --install /home/stephen/WisconsinAutonomous/challenges/controls/merge_arrays/build/merge_arrays
[8.367s] -- Install configuration: ""
[8.368s] -- Installing: /home/stephen/WisconsinAutonomous/challenges/controls/merge_arrays/install/merge_arrays/lib/merge_arrays/merge_arrays_node
[8.370s] -- Set runtime path of "/home/stephen/WisconsinAutonomous/challenges/controls/merge_arrays/install/merge_arrays/lib/merge_arrays/merge_arrays_node" to ""
[8.370s] -- Installing: /home/stephen/WisconsinAutonomous/challenges/controls/merge_arrays/install/merge_arrays/share/ament_index/resource_index/package_run_dependencies/merge_arrays
[8.370s] -- Installing: /home/stephen/WisconsinAutonomous/challenges/controls/merge_arrays/install/merge_arrays/share/ament_index/resource_index/parent_prefix_path/merge_arrays
[8.371s] -- Installing: /home/stephen/WisconsinAutonomous/challenges/controls/merge_arrays/install/merge_arrays/share/merge_arrays/environment/ament_prefix_path.sh
[8.371s] -- Installing: /home/stephen/WisconsinAutonomous/challenges/controls/merge_arrays/install/merge_arrays/share/merge_arrays/environment/ament_prefix_path.dsv
[8.371s] -- Installing: /home/stephen/WisconsinAutonomous/challenges/controls/merge_arrays/install/merge_arrays/share/merge_arrays/environment/path.sh
[8.371s] -- Installing: /home/stephen/WisconsinAutonomous/challenges/controls/merge_arrays/install/merge_arrays/share/merge_arrays/environment/path.dsv
[8.371s] -- Installing: /home/stephen/WisconsinAutonomous/challenges/controls/merge_arrays/install/merge_arrays/share/merge_arrays/local_setup.bash
[8.371s] -- Installing: /home/stephen/WisconsinAutonomous/challenges/controls/merge_arrays/install/merge_arrays/share/merge_arrays/local_setup.sh
[8.371s] -- Installing: /home/stephen/WisconsinAutonomous/challenges/controls/merge_arrays/install/merge_arrays/share/merge_arrays/local_setup.zsh
[8.371s] -- Installing: /home/stephen/WisconsinAutonomous/challenges/controls/merge_arrays/install/merge_arrays/share/merge_arrays/local_setup.dsv
[8.371s] -- Installing: /home/stephen/WisconsinAutonomous/challenges/controls/merge_arrays/install/merge_arrays/share/merge_arrays/package.dsv
[8.372s] -- Installing: /home/stephen/WisconsinAutonomous/challenges/controls/merge_arrays/install/merge_arrays/share/ament_index/resource_index/packages/merge_arrays
[8.372s] -- Installing: /home/stephen/WisconsinAutonomous/challenges/controls/merge_arrays/install/merge_arrays/share/merge_arrays/cmake/merge_arraysConfig.cmake
[8.372s] -- Installing: /home/stephen/WisconsinAutonomous/challenges/controls/merge_arrays/install/merge_arrays/share/merge_arrays/cmake/merge_arraysConfig-version.cmake
[8.372s] -- Installing: /home/stephen/WisconsinAutonomous/challenges/controls/merge_arrays/install/merge_arrays/share/merge_arrays/package.xml
[8.374s] Invoked command in '/home/stephen/WisconsinAutonomous/challenges/controls/merge_arrays/build/merge_arrays' returned '0': CMAKE_PREFIX_PATH=/opt/ros/humble /usr/bin/cmake --install /home/stephen/WisconsinAutonomous/challenges/controls/merge_arrays/build/merge_arrays
